
----------------------------------------------------------------------
19114:CCREAT
A runtime error was detected at time 2.4833333 at the following block:

 *    1 2$              CREATE,1,MinutesToBaseTime(0.0),Entity 1:
                            MinutesToBaseTime(1):
                            NEXT(3$);

Maximum of 150 entities exceeded.
Possible causes:
- A logic problem in your model is creating too many entities or not
  disposing them. The run controller may be helpful in finding the problem.
- You are in demo mode and have exceeded the entity limit. The commercial
  version is required to run large models.
- You have set an entity limit on the DISCRETE element that is too small.
  Remove the limit or set it to a larger number.
- You have exceeded the standard array s 
pace for models. Use the Array Sizes
  page in the Run/Setup dialog to increase the RSET space allocated and
  recheck your model.
----------------------------------------------------------------------


SIMAN Run Controller.

2.4833333 Hours>
                                      ARENA Simulation Results
                             necropepo13@outlook.com - License: STUDENT

                                  Summary for Replication 1 of 1

Project: Unnamed Project                                             Run execution date : 5/15/2024
Analyst: necropepo13@outlook.com                                     Model revision date: 5/15/2024

Replication ended at time      : 2.4833333 Hours 
Base Time Units: Hours

                                           TALLY VARIABLES

Identifier                                  Average   Half Width  Minimum    Maximum   Observations
___________________________________________________________________________________________________

Entity 1.VATime                             .88249     (Insuf)    .88249     .88249          1    
Entity 1.NVATime                            .00000     (Insuf)    .00000     .00000          1    
Entity 1.WaitTime                           .00000     (Insuf)    .00000     .00000          1    
Entity 1.TranTime                           .00000     (Insuf)    .00000     .00000          1    
Entity 1.OtherTime                          .00000     (Insuf)    .00000     .00000          1    
Entity 1.TotalTime                          .88249     (Insuf)    .88249     .88249          1    
Process 1.Queue.WaitingTime                 .00000     (Insuf)    .00000     .00000          1    

                                     DISCRETE-CHANGE VARIABLES

Identifier                                  Average   Half Width  Minimum    Maximum   Final Value
___________________________________________________________________________________________________

Entity 1.WIP                                74.355     (Insuf)    .00000     148.00     148.00    
Resource 1.NumberBusy                       1.0000     (Insuf)    .00000     1.0000     1.0000    
Resource 1.NumberScheduled                  1.0000     (Insuf)    1.0000     1.0000     1.0000    
Resource 1.Utilization                      1.0000     (Insuf)    .00000     1.0000     1.0000    
Process 1.Queue.NumberInQueue               74.000     (Insuf)    .00000     148.00     148.00    

                                             OUTPUTS

Identifier                                   Value
_____________________________________________________________

Entity 1.NumberIn                           149.00    
Entity 1.NumberOut                          1.0000    
Resource 1.NumberSeized                     1.0000    
Resource 1.ScheduledUtilization             1.0000    
System.NumberOut                            1.0000    


Simulation run time: 0.93 minutes.
Simulation run completed with 1 error(s) and 0 warning(s).
