SIMAN Run Controller.

85.063163 Minutes>
                                      ARENA Simulation Results
                              adrubenlopez@gmail.com - License: STUDENT

                                  Summary for Replication 1 of 30

Project: Ejer Museo                                                  Run execution date : 5/24/2023
Analyst: jgmonroy                                                    Model revision date: 5/24/2023

Replication ended at time      : 85.063163 Minutes 
Base Time Units: Minutes

                                           TALLY VARIABLES

Identifier                                  Average   Half Width  Minimum    Maximum   Observations
___________________________________________________________________________________________________

Tally TCiclo4                                   --         --         --         --          0
Tally TCiclo3                               61.172     (Insuf)    53.851     65.891          4    
Tally TCiclo2                               58.816     (Insuf)    52.825     64.825          3    
Tally TCiclo1                               54.366     (Insuf)    43.994     58.765          6    
visitante.VATime                            36.052     (Insuf)    22.041     47.023         13    
visitante.NVATime                           .00000     (Insuf)    .00000     .00000         13    
visitante.WaitTime                          3.3480     (Insuf)    .00000     12.826         13    
visitante.TranTime                          18.087     (Insuf)    13.115     24.289         13    
visitante.OtherTime                         .00000     (Insuf)    .00000     .00000         13    
visitante.TotalTime                         57.487     (Insuf)    43.994     65.891         13    
LeaveTornoEntrada.Queue.WaitingTime         5.1993     (Insuf)    .00000     12.894         44    
Leave 11.Queue.WaitingTime                  2.0447     (Insuf)    .00000     5.7491          3    
Tickets.Queue.WaitingTime                   1.5993     (Insuf)    .00000     6.4798         58    
PArte.Queue.WaitingTime                     .00000     (Insuf)    .00000     .00000          3    
PFisica.Queue.WaitingTime                   .00000     (Insuf)    .00000     .00000         21    
PAstro.Queue.WaitingTime                    .00000     (Insuf)    .00000     .00000         22    
PHistoria.Queue.WaitingTime                 .00000     (Insuf)    .00000     .00000          9    
PHall.Queue.WaitingTime                     .00000     (Insuf)    .00000     .00000         66    
LeaveTornoSalida.Queue.WaitingTime          .23812     (Insuf)    .00000     .94888         14    

                                     DISCRETE-CHANGE VARIABLES

Identifier                                  Average   Half Width  Minimum    Maximum   Final Value
___________________________________________________________________________________________________

visitante.WIP                               21.419     (Insuf)    .00000     48.000     45.000    
TornoSalida.NumberBusy                      .20506     (Insuf)    .00000     1.0000     1.0000    
TornoSalida.NumberScheduled                 1.0000     (Insuf)    1.0000     1.0000     1.0000    
TornoSalida.Utilization                     .20506     (Insuf)    .00000     1.0000     1.0000    
TornoEntrada.NumberBusy                     .61937     (Insuf)    .00000     1.0000     1.0000    
TornoEntrada.NumberScheduled                1.0000     (Insuf)    1.0000     1.0000     1.0000    
TornoEntrada.Utilization                    .61937     (Insuf)    .00000     1.0000     1.0000    
RArte.NumberBusy                            .17567     (Insuf)    .00000     1.0000     .00000    
RArte.NumberScheduled                       20.000     (Insuf)    20.000     20.000     20.000    
RArte.Utilization                           .00878     (Insuf)    .00000     .05000     .00000    
empleado_ticket.NumberBusy                  .00000     (Insuf)    .00000     .00000     .00000    
empleado_ticket.NumberScheduled             3.0000     (Insuf)    3.0000     3.0000     3.0000    
empleado_ticket.Utilization                 .00000     (Insuf)    .00000     .00000     .00000    
RAstro.NumberBusy                           2.2291     (Insuf)    .00000     9.0000     9.0000    
RAstro.NumberScheduled                      20.000     (Insuf)    20.000     20.000     20.000    
RAstro.Utilization                          .11146     (Insuf)    .00000     .45000     .45000    
empleadoB.NumberBusy                        .68546     (Insuf)    .00000     1.0000     1.0000    
empleadoB.NumberScheduled                   1.0000     (Insuf)    1.0000     1.0000     1.0000    
empleadoB.Utilization                       .68546     (Insuf)    .00000     1.0000     1.0000    
empleadoC.NumberBusy                        .67207     (Insuf)    .00000     1.0000     1.0000    
empleadoC.NumberScheduled                   1.0000     (Insuf)    1.0000     1.0000     1.0000    
empleadoC.Utilization                       .67207     (Insuf)    .00000     1.0000     1.0000    
empleadoA.NumberBusy                        .62467     (Insuf)    .00000     1.0000     .00000    
empleadoA.NumberScheduled                   1.0000     (Insuf)    1.0000     1.0000     1.0000    
empleadoA.Utilization                       .62467     (Insuf)    .00000     1.0000     .00000    
RHall.NumberBusy                            4.3860     (Insuf)    .00000     11.000     9.0000    
RHall.NumberScheduled                       50.000     (Insuf)    50.000     50.000     50.000    
RHall.Utilization                           .08772     (Insuf)    .00000     .22000     .18000    
Rfisica.NumberBusy                          2.4614     (Insuf)    .00000     5.0000     5.0000    
Rfisica.NumberScheduled                     10.000     (Insuf)    10.000     10.000     10.000    
Rfisica.Utilization                         .24615     (Insuf)    .00000     .50000     .50000    
RHistoria.NumberBusy                        .49481     (Insuf)    .00000     2.0000     .00000    
RHistoria.NumberScheduled                   15.000     (Insuf)    15.000     15.000     15.000    
RHistoria.Utilization                       .03299     (Insuf)    .00000     .13333     .00000    
LeaveTornoEntrada.Queue.NumberInQueue       3.5558     (Insuf)    .00000     15.000     12.000    
Leave 11.Queue.NumberInQueue                .07211     (Insuf)    .00000     1.0000     .00000    
Tickets.Queue.NumberInQueue                 1.0905     (Insuf)    .00000     9.0000     .00000    
PArte.Queue.NumberInQueue                   .00000     (Insuf)    .00000     .00000     .00000    
PFisica.Queue.NumberInQueue                 .00000     (Insuf)    .00000     .00000     .00000    
PAstro.Queue.NumberInQueue                  .00000     (Insuf)    .00000     .00000     .00000    
PHistoria.Queue.NumberInQueue               .00000     (Insuf)    .00000     .00000     .00000    
PHall.Queue.NumberInQueue                   .00000     (Insuf)    .00000     .00000     .00000    
LeaveTornoSalida.Queue.NumberInQueue        .04264     (Insuf)    .00000     1.0000     1.0000    

                                             OUTPUTS

Identifier                                   Value
_____________________________________________________________

visitante.NumberIn                          58.000    
visitante.NumberOut                         13.000    
TornoSalida.NumberSeized                    14.000    
TornoSalida.ScheduledUtilization            .20506    
TornoEntrada.NumberSeized                   44.000    
TornoEntrada.ScheduledUtilization           .61937    
RArte.NumberSeized                          3.0000    
RArte.ScheduledUtilization                  .00878    
empleado_ticket.NumberSeized                .00000    
empleado_ticket.ScheduledUtilization        .00000    
RAstro.NumberSeized                         22.000    
RAstro.ScheduledUtilization                 .11146    
empleadoB.NumberSeized                      23.000    
empleadoB.ScheduledUtilization              .68546    
empleadoC.NumberSeized                      11.000    
empleadoC.ScheduledUtilization              .67207    
empleadoA.NumberSeized                      24.000    
empleadoA.ScheduledUtilization              .62467    
RHall.NumberSeized                          66.000    
RHall.ScheduledUtilization                  .08772    
Rfisica.NumberSeized                        21.000    
Rfisica.ScheduledUtilization                .24615    
RHistoria.NumberSeized                      9.0000    
RHistoria.ScheduledUtilization              .03299    
System.NumberOut                            13.000    

